<?xml version="1.0" encoding="UTF-8"?>
<!-- Generated by org.testng.reporters.JUnitReportReporter -->
<testsuite hostname="QT-INBG-LT0279" failures="0" tests="4" name="signin" time="34.553" errors="0" timestamp="2022-09-19T12:47:20 IST" skipped="0">
  <testcase classname="signin" name="signin3" time="8.670"/>
  <system-out/>
  <testcase classname="signin" name="signin3" time="9.041"/>
  <system-out/>
  <testcase classname="signin" name="signin3" time="7.074"/>
  <system-out/>
  <testcase classname="signin" name="signin3" time="9.768"/>
  <system-out/>
</testsuite> <!-- signin -->
