<?xml version="1.0" encoding="UTF-8"?>
<!-- Generated by org.testng.reporters.JUnitReportReporter -->
<testsuite hostname="QT-INBG-LT0279" failures="0" tests="8" name="home" time="45.199" errors="0" timestamp="2022-09-19T12:59:59 IST" skipped="0">
  <testcase classname="home" name="homepage7" time="5.239"/>
  <system-out/>
  <testcase classname="home" name="homepage6" time="5.322"/>
  <system-out/>
  <testcase classname="home" name="homepage4" time="5.346"/>
  <system-out/>
  <testcase classname="home" name="homepage5" time="5.498"/>
  <system-out/>
  <testcase classname="home" name="homepage2" time="5.446"/>
  <system-out/>
  <testcase classname="home" name="homepage1" time="7.372"/>
  <system-out/>
  <testcase classname="home" name="homepage3" time="5.380"/>
  <system-out/>
  <testcase classname="home" name="homepage8" time="5.596"/>
  <system-out/>
</testsuite> <!-- home -->
