<?xml version="1.0" encoding="UTF-8"?>
<!-- Generated by org.testng.reporters.JUnitReportReporter -->
<testsuite hostname="QT-INBG-LT0279" failures="0" tests="3" name="signup" time="22.240" errors="0" timestamp="2022-09-19T12:09:34 IST" skipped="0">
  <testcase classname="signup" name="main" time="8.388"/>
  <system-out/>
  <testcase classname="signup" name="main" time="7.821"/>
  <system-out/>
  <testcase classname="signup" name="main" time="6.031"/>
  <system-out/>
</testsuite> <!-- signup -->
